<?xml version="1.0" encoding="UTF-8"?>
<!-- Generated by org.testng.reporters.JUnitReportReporter -->
<testsuite hostname="Vishnu-Kunwar" failures="0" tests="3" name="com.OrangeHRMApplicationwebpagestest.OrangeHRMLoginPageTest" time="5.084" errors="0" timestamp="2023-05-31T15:00:30 IST" skipped="0">
  <testcase classname="com.OrangeHRMApplicationwebpagestest.OrangeHRMLoginPageTest" name="validatingLogInPageTextTest" time="0.138"/>
  <system-out/>
  <testcase classname="com.OrangeHRMApplicationwebpagestest.OrangeHRMLoginPageTest" name="validatingLogInTest" time="4.845"/>
  <system-out/>
  <testcase classname="com.OrangeHRMApplicationwebpagestest.OrangeHRMLoginPageTest" name="validatingLogInPageLogoTest" time="0.101"/>
  <system-out/>
</testsuite> <!-- com.OrangeHRMApplicationwebpagestest.OrangeHRMLoginPageTest -->
