<?xml version="1.0" encoding="UTF-8"?>
<!-- Generated by org.testng.reporters.JUnitReportReporter -->
<testsuite hostname="Vishnu-Kunwar" failures="0" tests="2" name="com.TestCases.LoginTest" time="6.278" errors="0" timestamp="2023-05-29T12:08:13 IST" skipped="0">
  <testcase classname="com.TestCases.LoginTest" name="oHRMApplicationLogInPageValidationTest" time="3.475"/>
  <system-out/>
  <testcase classname="com.TestCases.LoginTest" name="oHRMApplicationHomePagelogOutTest" time="2.803"/>
  <system-out/>
</testsuite> <!-- com.TestCases.LoginTest -->
