<?xml version="1.0" encoding="UTF-8"?>
<!-- Generated by org.testng.reporters.JUnitReportReporter -->
<testsuite hostname="Vishnu-Kunwar" failures="0" tests="1" name="com.RadioButton.RadiobuttonTest" time="15.777" errors="0" timestamp="2023-05-29T18:03:31 IST" skipped="0">
  <testcase classname="com.RadioButton.RadiobuttonTest" name="radioButtonsTesting" time="15.777"/>
  <system-out/>
</testsuite> <!-- com.RadioButton.RadiobuttonTest -->
