<?xml version="1.0" encoding="UTF-8"?>
<!-- Generated by org.testng.reporters.JUnitReportReporter -->
<testsuite hostname="Vishnu-Kunwar" failures="0" tests="7" name="com.TestCases.AddEmployeeTest" time="9.156" errors="0" timestamp="2023-05-29T12:08:13 IST" skipped="0">
  <testcase classname="com.TestCases.AddEmployeeTest" name="oHRMApplicationLogInPageValidationTest" time="3.245"/>
  <system-out/>
  <testcase classname="com.TestCases.AddEmployeeTest" name="oHRMApplicationHomePageValidation" time="0.396"/>
  <system-out/>
  <testcase classname="com.TestCases.AddEmployeeTest" name="oHRMApplicationHomePagePIMTest" time="0.439"/>
  <system-out/>
  <testcase classname="com.TestCases.AddEmployeeTest" name="oHRMApplicationHomePageAddEmployeeTest" time="0.720"/>
  <system-out/>
  <testcase classname="com.TestCases.AddEmployeeTest" name="oHRMApplicationHomePageAddEmployeeValidationTest" time="2.587"/>
  <system-out/>
  <testcase classname="com.TestCases.AddEmployeeTest" name="oHRMApplicationPersonalDetailsValidationTest" time="0.189"/>
  <system-out/>
  <testcase classname="com.TestCases.AddEmployeeTest" name="oHRMApplicationHomePagelogOutTest" time="1.580"/>
  <system-out/>
</testsuite> <!-- com.TestCases.AddEmployeeTest -->
